2012-11-18 10:52:40	youranaini11@sina.cn	何炅	0	0	百变大咖秀	不错的，加关注哦
2012-11-26 13:24:36	youranaini11@sina.cn	何炅	0	0	百变大咖秀	不错的，加关注哦
2012-11-26 13:24:42	youranaini11@sina.cn	何炅	0	1	创意中国秀	不错的，加关注哦
2012-11-26 13:24:48	youranaini11@sina.cn	何炅	0	2	斑马_爱不单行	不错的，加关注哦
2012-11-26 13:24:53	youranaini11@sina.cn	何炅	0	3	快乐店结局	不错的，加关注哦
2012-11-26 13:24:58	youranaini11@sina.cn	何炅	0	4	L李小佳	不错的，加关注哦
2012-11-26 13:25:04	youranaini11@sina.cn	何炅	0	5	宝贝回家志愿者明刚	不错的，加关注哦
2012-11-26 13:25:09	youranaini11@sina.cn	何炅	0	6	依然人间	不错的，加关注哦
2012-11-26 13:25:15	youranaini11@sina.cn	何炅	0	7	丸子--宝玲	不错的，加关注哦
2012-11-26 13:25:20	youranaini11@sina.cn	何炅	0	8	糖_要B瘦	不错的，加关注哦
2012-11-26 13:25:25	youranaini11@sina.cn	何炅	0	9	幸福拾地瓜-胡歌你要好好的	不错的，加关注哦
2012-11-26 13:25:31	youranaini11@sina.cn	何炅	0	10	撒那特斯的小撒	不错的，加关注哦
2012-11-26 13:25:36	youranaini11@sina.cn	何炅	0	11	东北新闻网婚嫁频道	不错的，加关注哦
2012-11-26 13:25:42	youranaini11@sina.cn	何炅	0	12	菜芽儿微影网	不错的，加关注哦
2012-11-26 13:25:48	youranaini11@sina.cn	何炅	0	13	没有明天小孩儿	不错的，加关注哦
2012-11-26 13:25:53	youranaini11@sina.cn	何炅	0	14	中国音乐金曲榜	不错的，加关注哦
2012-11-26 14:43:37	youranaini11@sina.cn	吴昕	0	0	宋茜-fx--victoria	很高兴认识你，互粉吧
2012-11-26 14:43:56	youranaini11@sina.cn	吴昕	0	1	bug磊	你好，认识一下
2012-11-26 14:44:15	youranaini11@sina.cn	吴昕	0	2	天使-水仙	来看看哦
2012-11-26 15:06:07	youranaini11@sina.cn	火影忍者	0	0	这个视频碉堡了	只要有树叶飞舞的地方，火就会燃烧... 火的影子会照耀着村子...并且...让新的树叶发芽... 当想要保护自己做珍惜的人时...忍者真正的力量才会表现出来..看火影忍者，就在易查漫画http://manhua.yicha.cn
2012-11-26 15:34:04	youranaini11@sina.cn	火影忍者	0	0	火影忍者官方论坛	我痛恨着宗家，说实话到现在我仍然痛恨着宗家。正因为如此，我并不是保护你这身为宗家的人，而是为了保护我的兄长而去死。这样做对我来说才是真正拥有选择的自由。――日向日差（宁次之父）心甘情愿为了自己的兄长付出生命。仇恨会侵蚀一个人的心，但亲情总能在一个角落里固守着仅有的一片天地。出生已注定命运的人生，日向日差只想借拥有一次自由选择的机会。看火影忍者，就在易查漫画http://manhua.yicha.cn
2012-11-26 15:34:43	youranaini11@sina.cn	火影忍者	0	2	町弟	我决定了 从今天起 我要选择一条不会让自己后悔的路 我要创造出属于自己的忍道――鸣人。看火影忍者，就在易查漫画http://manhua.yicha.cn
2012-11-26 15:37:14	youranaini11@sina.cn	火影忍者	0	3	我是一丝不挂	人活着是没有意义的，但只有活下去，才能发现快乐的事情。――大蛇丸总是利用人性最脆弱的时候去笼络人心。不知道应该鄙夷他的阴险*诈还是赞赏他对人性准确的拿捏。每一个被他收留的孩子，都会死心塌地的追随着他，因为他在他们心中已经是最重要的人。就像君麻吕一样。 看火影忍者，就在易查漫画http://manhua.yicha.cn
2012-11-26 15:50:44	youranaini11@sina.cn	火影忍者	0	1	Novitatis	我觉得如果你还在一个花蕾的状态下枯萎，那就太可惜了。因为一朵花不绽放那就没有意义了。因为，搞不好，那是朵比大波斯菊还漂亮的花呢。――井野对小樱的鼓励，患难见真情就是这个时候了。看火影忍者，就在易查漫画http://manhua.yicha.cn
2012-11-26 15:53:44	youranaini11@sina.cn	火影忍者	0	2	啊哟漫画	人活着是没有意义的，但只有活下去，才能发现快乐的事情。――大蛇丸总是利用人性最脆弱的时候去笼络人心。不知道应该鄙夷他的阴险*诈还是赞赏他对人性准确的拿捏。每一个被他收留的孩子，都会死心塌地的追随着他，因为他在他们心中已经是最重要的人。就像君麻吕一样。 看火影忍者，就在易查漫画http://manhua.yicha.cn
2012-11-26 18:17:45	youranaini11@sina.cn	火影忍者	1	1	岩平平	我痛恨着宗家，说实话到现在我仍然痛恨着宗家。正因为如此，我并不是保护你这身为宗家的人，而是为了保护我的兄长而去死。这样做对我来说才是真正拥有选择的自由。――日向日差（宁次之父）心甘情愿为了自己的兄长付出生命。仇恨会侵蚀一个人的心，但亲情总能在一个角落里固守着仅有的一片天地。出生已注定命运的人生，日向日差只想借拥有一次自由选择的机会。看火影忍者，就在易查漫画http://manhua.yicha.cn
2012-11-26 18:20:45	youranaini11@sina.cn	火影忍者	1	2	有梦想的懒虫均	真正重要的东西啊...不管痛苦也好、悲伤也好...都要努力到底，就算失去生命，也要用双手来保护到底啊！如此一来，就算死掉的话，也会永远留下男子汉活过的证据...――凯沙，看火影忍者，就在易查漫画http://manhua.yicha.cn
2012-11-26 18:24:07	youranaini11@sina.cn	火影忍者	1	3	顽酷小新	我痛恨着宗家，说实话到现在我仍然痛恨着宗家。正因为如此，我并不是保护你这身为宗家的人，而是为了保护我的兄长而去死。这样做对我来说才是真正拥有选择的自由。――日向日差（宁次之父）心甘情愿为了自己的兄长付出生命。仇恨会侵蚀一个人的心，但亲情总能在一个角落里固守着仅有的一片天地。出生已注定命运的人生，日向日差只想借拥有一次自由选择的机会。看火影忍者，就在易查漫画http://manhua.yicha.cn
2012-11-26 18:24:37	youranaini11@sina.cn	火影忍者	1	4	苏珊的半岛铁盒	我决定了 从今天起 我要选择一条不会让自己后悔的路 我要创造出属于自己的忍道――鸣人。看火影忍者，就在易查漫画http://manhua.yicha.cn
2012-11-26 18:25:08	youranaini11@sina.cn	火影忍者	1	5	我们都是精神病居士	失去过所有的东西......所以我不想再看到我最珍惜的伙伴们，死在我的面前。――一佐助http://manhua.yicha.cn
2012-11-26 18:25:40	youranaini11@sina.cn	火影忍者	1	6	2姑娘_Xz	失去过所有的东西......所以我不想再看到我最珍惜的伙伴们，死在我的面前。――一佐助http://manhua.yicha.cn
2012-11-26 18:26:30	youranaini11@sina.cn	火影忍者	1	7	MANLHUJILL	我觉得如果你还在一个花蕾的状态下枯萎，那就太可惜了。因为一朵花不绽放那就没有意义了。因为，搞不好，那是朵比大波斯菊还漂亮的花呢。――井野对小樱的鼓励，患难见真情就是这个时候了。看火影忍者，就在易查漫画http://manhua.yicha.cn
2012-11-26 18:27:01	youranaini11@sina.cn	火影忍者	1	8	黑夜中的黑骑士	真正重要的东西啊...不管痛苦也好、悲伤也好...都要努力到底，就算失去生命，也要用双手来保护到底啊！如此一来，就算死掉的话，也会永远留下男子汉活过的证据...――凯沙，看火影忍者，就在易查漫画http://manhua.yicha.cn
2012-11-26 18:33:05	youranaini11@sina.cn	火影忍者	1	1	Kalavika	真正重要的东西啊...不管痛苦也好、悲伤也好...都要努力到底，就算失去生命，也要用双手来保护到底啊！如此一来，就算死掉的话，也会永远留下男子汉活过的证据...――凯沙，看火影忍者，就在易查漫画http://manhua.yicha.cn
2012-11-26 18:33:31	youranaini11@sina.cn	火影忍者	1	2	苡米520	失去过所有的东西......所以我不想再看到我最珍惜的伙伴们，死在我的面前。――一佐助http://manhua.yicha.cn
2012-11-26 18:33:56	youranaini11@sina.cn	火影忍者	1	3	博动漫世界	忍者要沉着冷静、仔细判断！打破忍者世界规则跟铁律的人，我们都叫他废物。...可是，不懂得重视同伴的人，是最最差劲的废物！ ――卡卡西，看火影忍者，就在易查漫画http://manhua.yicha.cn
2012-11-26 18:34:21	youranaini11@sina.cn	火影忍者	1	4	火影忍者-春野樱	失去过所有的东西......所以我不想再看到我最珍惜的伙伴们，死在我的面前。――一佐助http://manhua.yicha.cn
2012-11-26 18:34:47	youranaini11@sina.cn	火影忍者	1	5	李晓晓晓丹	木叶的同胞都是我的身体的一部分，村子里的人都相信我，我也相信大家，这就是火影！――一代教导三代的话， 看火影忍者，就在易查漫画http://manhua.yicha.cn
2012-11-26 18:39:31	youranaini11@sina.cn	佐助	1	0	火影贴吧官方微博	有话直说就是我的忍道。――鸣人热情而坦率，你有没有被打动？看火影忍者，就在易查漫画http://manhua.yicha.cn
2012-11-26 18:40:00	youranaini11@sina.cn	佐助	1	2	开始佐助之路的Z吖健	你和我有着相同的梦想，都希望实现和平。你和我没有任何区别，都是为了正义而活。我对你的村 子实行的正义，和你试图击倒我的想法没有任何的区别。失去真正重要的东西所带来的痛楚，对谁 来说都是一样，你和我都对这样的痛楚感同身受。 ――一佩恩，看火影忍者，就在易查漫画http://manhua.yicha.cn
2012-11-26 18:40:25	youranaini11@sina.cn	佐助	1	3	忘忧最爱鸣人了	中忍考试决赛时的监考官：被抓到的小鸟...只要够聪明，就会用自己的嘴打开鸟笼的门。 因为它们还没放弃...想要自由地翱翔在空中的希望。 这次是你输了！看火影忍者，就在易查漫画http://manhua.yicha.cn
2012-11-26 18:40:51	youranaini11@sina.cn	佐助	1	4	郭欣桐不喜欢水母有点想念叉叉	中忍考试决赛时的监考官：被抓到的小鸟...只要够聪明，就会用自己的嘴打开鸟笼的门。 因为它们还没放弃...想要自由地翱翔在空中的希望。 这次是你输了！看火影忍者，就在易查漫画http://manhua.yicha.cn
2012-11-26 18:41:16	youranaini11@sina.cn	佐助	1	5	Vampiree-梦飘糊兮兮	我觉得如果你还在一个花蕾的状态下枯萎，那就太可惜了。因为一朵花不绽放那就没有意义了。因为，搞不好，那是朵比大波斯菊还漂亮的花呢。――井野对小樱的鼓励，患难见真情就是这个时候了。看火影忍者，就在易查漫画http://manhua.yicha.cn
2012-11-26 18:41:42	youranaini11@sina.cn	佐助	1	6	KA_GDVI	只要有树叶飞舞的地方，火就会燃烧... 火的影子会照耀着村子...并且...让新的树叶发芽... 当想要保护自己做珍惜的人时...忍者真正的力量才会表现出来..看火影忍者，就在易查漫画http://manhua.yicha.cn
2012-11-26 18:42:07	youranaini11@sina.cn	佐助	1	7	嗨森的小贝	各位――早呀！今天我在人生的道路上迷路了。――卡卡西迟到的理由，大家不妨借用一下。看火影忍者，就在易查漫画http://manhua.yicha.cn
2012-11-26 18:42:33	youranaini11@sina.cn	佐助	1	8	杨XXXXX煜	人活着是没有意义的，但只有活下去，才能发现快乐的事情。――大蛇丸总是利用人性最脆弱的时候去笼络人心。不知道应该鄙夷他的阴险*诈还是赞赏他对人性准确的拿捏。每一个被他收留的孩子，都会死心塌地的追随着他，因为他在他们心中已经是最重要的人。就像君麻吕一样。 看火影忍者，就在易查漫画http://manhua.yicha.cn
2012-11-26 18:43:04	youranaini11@sina.cn	佐助	2	0	isukak要好好森活的说	请你和我交往！我一定会拼死保护你的！――浓眉李洛克的这种执着，勤奋。很值得我们所敬仰，看火影忍者，就在易查漫画http://manhua.yicha.cn
2012-11-26 18:43:29	youranaini11@sina.cn	佐助	2	1	化丶良生	人的命运到底是沉浮在像云一样已经决定好的潮流之中，还是能够跟随着自己所选择的潮流走的东西呢？不管选择哪条路，最后可能都会走到同样的终点。但是当选择了后者时，人们就可以努力地为活着的目的努力，而拥有这种想法的人才是真正的强者。――天才日向宁次对自己的命运出现迷茫，在与父亲对话。 看火影忍者，就在易查漫画http://manhua.yicha.cn
2012-11-26 18:43:55	youranaini11@sina.cn	佐助	2	2	王章敏oba	伊鲁卡：他是木叶忍者村的.....漩涡 鸣人！！看火影忍者，就在易查漫画http://manhua.yicha.cn
2012-11-26 18:44:20	youranaini11@sina.cn	佐助	2	3	朱明威1	鸣人：因为他们...把我从那孤单的地狱之中解救出来... 并承认我的存在...是我的重要伙伴... 我怎么可以死在这种地方？我还有非得实现不可的梦想啊...！ 看火影忍者，就在易查漫画http://manhua.yicha.cn
2012-11-26 18:44:46	youranaini11@sina.cn	佐助	2	4	爵迹Grandtrack	忍者要沉着冷静、仔细判断！打破忍者世界规则跟铁律的人，我们都叫他废物。...可是，不懂得重视同伴的人，是最最差劲的废物！ ――卡卡西，看火影忍者，就在易查漫画http://manhua.yicha.cn
2012-11-26 18:45:12	youranaini11@sina.cn	佐助	2	5	上月-准备好冬眠了	鸣人：因为他们...把我从那孤单的地狱之中解救出来... 并承认我的存在...是我的重要伙伴... 我怎么可以死在这种地方？我还有非得实现不可的梦想啊...！ 看火影忍者，就在易查漫画http://manhua.yicha.cn
2012-11-26 18:45:37	youranaini11@sina.cn	佐助	2	6	ZERO阿布	中忍考试决赛时的监考官：被抓到的小鸟...只要够聪明，就会用自己的嘴打开鸟笼的门。 因为它们还没放弃...想要自由地翱翔在空中的希望。 这次是你输了！看火影忍者，就在易查漫画http://manhua.yicha.cn
2012-11-26 18:46:06	youranaini11@sina.cn	佐助	2	8	节ㄋ榱艘坏氐牡际骚年	真正重要的东西啊...不管痛苦也好、悲伤也好...都要努力到底，就算失去生命，也要用双手来保护到底啊！如此一来，就算死掉的话，也会永远留下男子汉活过的证据...――凯沙，看火影忍者，就在易查漫画http://manhua.yicha.cn
2012-11-26 18:46:46	youranaini11@sina.cn	火影忍者	1	1	x-cky-	忍者要沉着冷静、仔细判断！打破忍者世界规则跟铁律的人，我们都叫他废物。...可是，不懂得重视同伴的人，是最最差劲的废物！ ――卡卡西，看火影忍者，就在易查漫画http://manhua.yicha.cn
2012-11-26 18:47:39	youranaini11@sina.cn	火影忍者	2	0	阿ki常在l	忍者要沉着冷静、仔细判断！打破忍者世界规则跟铁律的人，我们都叫他废物。...可是，不懂得重视同伴的人，是最最差劲的废物！ ――卡卡西，看火影忍者，就在易查漫画http://manhua.yicha.cn
2012-11-26 18:48:04	youranaini11@sina.cn	火影忍者	2	1	受_来给爷攻一下	中忍考试决赛时的监考官：被抓到的小鸟...只要够聪明，就会用自己的嘴打开鸟笼的门。 因为它们还没放弃...想要自由地翱翔在空中的希望。 这次是你输了！看火影忍者，就在易查漫画http://manhua.yicha.cn
2012-11-26 18:48:29	youranaini11@sina.cn	火影忍者	2	2	水s夕	伊鲁卡：他是木叶忍者村的.....漩涡 鸣人！！看火影忍者，就在易查漫画http://manhua.yicha.cn
2012-11-26 18:48:55	youranaini11@sina.cn	火影忍者	2	3	雨总会停的	失去过所有的东西......所以我不想再看到我最珍惜的伙伴们，死在我的面前。――一佐助http://manhua.yicha.cn
2012-11-26 18:49:20	youranaini11@sina.cn	火影忍者	2	4	杜天然从不知道什么叫放弃-努力	人的命运到底是沉浮在像云一样已经决定好的潮流之中，还是能够跟随着自己所选择的潮流走的东西呢？不管选择哪条路，最后可能都会走到同样的终点。但是当选择了后者时，人们就可以努力地为活着的目的努力，而拥有这种想法的人才是真正的强者。――天才日向宁次对自己的命运出现迷茫，在与父亲对话。看火影忍者，就在易查漫画http://manhua.yicha.cn
2012-11-26 18:49:46	youranaini11@sina.cn	火影忍者	2	5	火影忍者心语	真正重要的东西啊...不管痛苦也好、悲伤也好...都要努力到底，就算失去生命，也要用双手来保护到底啊！如此一来，就算死掉的话，也会永远留下男子汉活过的证据...――凯沙，看火影忍者，就在易查漫画http://manhua.yicha.cn
2012-11-26 18:50:14	youranaini11@sina.cn	火影忍者	2	7	开服网	鸣人：因为他们...把我从那孤单的地狱之中解救出来... 并承认我的存在...是我的重要伙伴... 我怎么可以死在这种地方？我还有非得实现不可的梦想啊...！ 看火影忍者，就在易查漫画http://manhua.yicha.cn
2012-11-26 18:50:40	youranaini11@sina.cn	火影忍者	2	8	SparkSoul	木叶的同胞都是我的身体的一部分，村子里的人都相信我，我也相信大家，这就是火影！――一代教导三代的话， 看火影忍者，就在易查漫画http://manhua.yicha.cn
2012-11-30 17:29:14	13611378355	会长是女仆	1	3	偷影子的mark	随机
2012-11-30 17:37:16	13611378355	会长是女仆	1	4	Rita-yz	随机
2012-11-30 17:39:19	13611378355	会长是女仆	1	5	510依玲_GC	随机
